TN:
SF:src/app.ts
FN:15,(anonymous_1)
FN:30,(anonymous_2)
FN:36,(anonymous_3)
FN:49,(anonymous_4)
FN:57,(anonymous_5)
FNF:5
FNH:0
FNDA:0,(anonymous_1)
FNDA:0,(anonymous_2)
FNDA:0,(anonymous_3)
FNDA:0,(anonymous_4)
FNDA:0,(anonymous_5)
DA:8,0
DA:9,0
DA:10,0
DA:11,0
DA:15,0
DA:16,0
DA:19,0
DA:26,0
DA:27,0
DA:30,0
DA:31,0
DA:32,0
DA:36,0
DA:37,0
DA:46,0
DA:49,0
DA:50,0
DA:57,0
DA:58,0
DA:59,0
DA:65,0
LF:21
LH:0
BRDA:21,0,0,0
BRDA:21,0,1,0
BRDA:41,1,0,0
BRDA:41,1,1,0
BRF:4
BRH:0
end_of_record
TN:
SF:src/application/dtos/ReviewSubmitDto.ts
FNF:0
FNH:0
DA:8,0
DA:12,0
LF:2
LH:0
BRF:0
BRH:0
end_of_record
TN:
SF:src/application/use-cases/QueueCompilationEngine.ts
FN:60,(anonymous_0)
FN:71,(anonymous_1)
FN:117,(anonymous_2)
FN:124,(anonymous_3)
FN:145,(anonymous_4)
FN:178,(anonymous_5)
FN:205,(anonymous_6)
FNF:7
FNH:0
FNDA:0,(anonymous_0)
FNDA:0,(anonymous_1)
FNDA:0,(anonymous_2)
FNDA:0,(anonymous_3)
FNDA:0,(anonymous_4)
FNDA:0,(anonymous_5)
FNDA:0,(anonymous_6)
DA:25,0
DA:30,0
DA:33,0
DA:54,0
DA:61,0
DA:62,0
DA:63,0
DA:64,0
DA:72,0
DA:74,0
DA:83,0
DA:85,0
DA:86,0
DA:87,0
DA:91,0
DA:92,0
DA:95,0
DA:96,0
DA:97,0
DA:99,0
DA:100,0
DA:101,0
DA:105,0
DA:112,0
DA:123,0
DA:124,0
DA:128,0
DA:131,0
DA:132,0
DA:133,0
DA:134,0
DA:138,0
DA:139,0
DA:140,0
DA:141,0
DA:145,0
DA:154,0
DA:155,0
DA:156,0
DA:157,0
DA:163,0
DA:164,0
DA:176,0
DA:177,0
DA:178,0
DA:182,0
DA:191,0
DA:193,0
DA:194,0
DA:195,0
DA:196,0
DA:201,0
DA:208,0
DA:209,0
DA:210,0
DA:211,0
DA:212,0
DA:214,0
LF:58
LH:0
BRDA:85,0,0,0
BRDA:99,1,0,0
BRDA:99,1,1,0
BRDA:132,2,0,0
BRDA:138,3,0,0
BRDA:138,3,1,0
BRDA:139,4,0,0
BRDA:155,5,0,0
BRDA:184,6,0,0
BRDA:184,6,1,0
BRDA:193,7,0,0
BRDA:193,7,1,0
BRDA:201,8,0,0
BRDA:201,8,1,0
BRDA:210,9,0,0
BRDA:210,9,1,0
BRF:16
BRH:0
end_of_record
TN:
SF:src/application/use-cases/ReviewUseCaseProcessor.ts
FN:35,(anonymous_0)
FN:49,(anonymous_1)
FNF:2
FNH:0
FNDA:0,(anonymous_0)
FNDA:0,(anonymous_1)
DA:15,0
DA:31,0
DA:36,0
DA:37,0
DA:55,0
DA:56,0
DA:57,0
DA:67,0
DA:73,0
DA:79,0
DA:82,0
DA:83,0
DA:92,0
LF:13
LH:0
BRDA:52,0,0,0
BRDA:56,1,0,0
BRF:2
BRH:0
end_of_record
TN:
SF:src/domain/SrsEngine.ts
FN:74,(anonymous_0)
FN:125,(anonymous_1)
FN:145,(anonymous_2)
FN:155,(anonymous_3)
FNF:4
FNH:4
FNDA:51,(anonymous_0)
FNDA:49,(anonymous_1)
FNDA:1,(anonymous_2)
FNDA:51,(anonymous_3)
DA:47,1
DA:50,1
DA:53,1
DA:63,1
DA:75,51
DA:79,47
DA:80,47
DA:81,47
DA:87,47
DA:89,33
DA:90,33
DA:93,14
DA:95,14
DA:96,10
DA:97,4
DA:98,1
DA:101,3
DA:106,47
DA:108,47
DA:126,49
DA:127,49
DA:138,49
DA:146,1
DA:156,51
DA:157,4
LF:25
LH:25
BRDA:87,0,0,33
BRDA:87,0,1,14
BRDA:95,1,0,10
BRDA:95,1,1,4
BRDA:97,2,0,1
BRDA:97,2,1,3
BRDA:156,3,0,4
BRDA:156,4,0,51
BRDA:156,4,1,50
BRDA:156,4,2,49
BRF:10
BRH:10
end_of_record
TN:
SF:src/infrastructure/database/prismaClient.ts
FN:21,(anonymous_0)
FN:37,(anonymous_1)
FN:57,(anonymous_2)
FNF:3
FNH:0
FNDA:0,(anonymous_0)
FNDA:0,(anonymous_1)
FNDA:0,(anonymous_2)
DA:10,0
DA:11,0
DA:21,0
DA:22,0
DA:34,0
DA:35,0
DA:38,0
DA:39,0
DA:44,0
DA:48,0
DA:51,0
DA:52,0
DA:57,0
DA:58,0
DA:59,0
LF:15
LH:0
BRDA:24,0,0,0
BRDA:24,0,1,0
BRDA:34,1,0,0
BRDA:38,2,0,0
BRDA:49,3,0,0
BRDA:49,3,1,0
BRDA:51,4,0,0
BRF:7
BRH:0
end_of_record
TN:
SF:src/infrastructure/external/LeetCodeGraphQLClient.ts
FN:73,(anonymous_0)
FN:83,(anonymous_1)
FN:99,(anonymous_2)
FN:120,(anonymous_3)
FN:140,(anonymous_4)
FN:151,(anonymous_5)
FN:175,(anonymous_6)
FN:182,(anonymous_7)
FNF:8
FNH:0
FNDA:0,(anonymous_0)
FNDA:0,(anonymous_1)
FNDA:0,(anonymous_2)
FNDA:0,(anonymous_3)
FNDA:0,(anonymous_4)
FNDA:0,(anonymous_5)
FNDA:0,(anonymous_6)
FNDA:0,(anonymous_7)
DA:15,0
DA:19,0
DA:30,0
DA:70,0
DA:76,0
DA:87,0
DA:88,0
DA:92,0
DA:97,0
DA:98,0
DA:100,0
DA:104,0
DA:108,0
DA:110,0
DA:111,0
DA:113,0
DA:121,0
DA:122,0
DA:124,0
DA:129,0
DA:130,0
DA:131,0
DA:134,0
DA:136,0
DA:140,0
DA:143,0
DA:144,0
DA:145,0
DA:155,0
DA:165,0
DA:166,0
DA:171,0
DA:173,0
DA:174,0
DA:175,0
DA:179,0
DA:185,0
DA:190,0
LF:38
LH:0
BRDA:74,0,0,0
BRDA:74,1,0,0
BRDA:74,1,1,0
BRDA:97,2,0,0
BRDA:97,2,1,0
BRDA:100,3,0,0
BRDA:100,3,1,0
BRDA:105,4,0,0
BRDA:105,4,1,0
BRDA:110,5,0,0
BRDA:110,5,1,0
BRDA:130,6,0,0
BRDA:143,7,0,0
BRDA:143,7,1,0
BRDA:165,8,0,0
BRDA:173,9,0,0
BRDA:190,10,0,0
BRDA:190,10,1,0
BRF:18
BRH:0
end_of_record
TN:
SF:src/infrastructure/external/SendGridNotification.ts
FN:23,(anonymous_0)
FN:32,(anonymous_1)
FN:74,(anonymous_2)
FN:75,(anonymous_3)
FN:80,(anonymous_4)
FN:83,(anonymous_5)
FN:104,(anonymous_6)
FN:105,(anonymous_7)
FNF:8
FNH:0
FNDA:0,(anonymous_0)
FNDA:0,(anonymous_1)
FNDA:0,(anonymous_2)
FNDA:0,(anonymous_3)
FNDA:0,(anonymous_4)
FNDA:0,(anonymous_5)
FNDA:0,(anonymous_6)
FNDA:0,(anonymous_7)
DA:14,0
DA:19,0
DA:24,0
DA:25,0
DA:26,0
DA:28,0
DA:29,0
DA:36,0
DA:37,0
DA:38,0
DA:40,0
DA:47,0
DA:56,0
DA:57,0
DA:58,0
DA:59,0
DA:61,0
DA:62,0
DA:63,0
DA:66,0
DA:67,0
DA:68,0
DA:75,0
DA:76,0
DA:77,0
DA:80,0
DA:81,0
DA:83,0
DA:104,0
DA:105,0
DA:107,0
DA:108,0
DA:112,0
DA:128,0
DA:144,0
LF:35
LH:0
BRDA:24,0,0,0
BRDA:24,0,1,0
BRDA:25,1,0,0
BRDA:29,2,0,0
BRDA:29,2,1,0
BRDA:29,2,2,0
BRDA:56,3,0,0
BRDA:56,3,1,0
BRDA:57,4,0,0
BRDA:57,4,1,0
BRDA:66,5,0,0
BRDA:66,5,1,0
BRDA:76,6,0,0
BRDA:76,6,1,0
BRDA:76,7,0,0
BRDA:76,7,1,0
BRDA:108,8,0,0
BRDA:108,8,1,0
BRDA:112,9,0,0
BRDA:112,9,1,0
BRDA:128,10,0,0
BRDA:128,10,1,0
BRF:22
BRH:0
end_of_record
TN:
SF:src/infrastructure/external/TelegramNotification.ts
FN:29,(anonymous_0)
FN:38,(anonymous_1)
FN:77,(anonymous_2)
FN:78,(anonymous_3)
FN:81,(anonymous_4)
FN:86,(anonymous_5)
FN:87,(anonymous_6)
FN:89,(anonymous_7)
FN:92,(anonymous_8)
FNF:9
FNH:0
FNDA:0,(anonymous_0)
FNDA:0,(anonymous_1)
FNDA:0,(anonymous_2)
FNDA:0,(anonymous_3)
FNDA:0,(anonymous_4)
FNDA:0,(anonymous_5)
FNDA:0,(anonymous_6)
FNDA:0,(anonymous_7)
FNDA:0,(anonymous_8)
DA:13,0
DA:25,0
DA:30,0
DA:31,0
DA:32,0
DA:34,0
DA:35,0
DA:42,0
DA:43,0
DA:45,0
DA:56,0
DA:58,0
DA:59,0
DA:60,0
DA:63,0
DA:64,0
DA:69,0
DA:70,0
DA:71,0
DA:78,0
DA:79,0
DA:81,0
DA:82,0
DA:83,0
DA:86,0
DA:87,0
DA:89,0
DA:90,0
DA:93,0
DA:101,0
DA:106,0
DA:110,0
DA:111,0
DA:112,0
DA:115,0
DA:116,0
DA:117,0
DA:118,0
DA:121,0
DA:124,0
LF:40
LH:0
BRDA:30,0,0,0
BRDA:30,0,1,0
BRDA:31,1,0,0
BRDA:58,2,0,0
BRDA:69,3,0,0
BRDA:69,3,1,0
BRDA:79,4,0,0
BRDA:79,4,1,0
BRDA:79,5,0,0
BRDA:79,5,1,0
BRDA:101,6,0,0
BRDA:101,6,1,0
BRDA:110,7,0,0
BRDA:115,8,0,0
BRDA:116,9,0,0
BRDA:116,9,1,0
BRF:16
BRH:0
end_of_record
TN:
SF:src/infrastructure/repositories/PrismaProblemProgressRepository.ts
FN:19,(anonymous_0)
FN:35,(anonymous_1)
FN:37,(anonymous_2)
FN:47,(anonymous_3)
FN:67,(anonymous_4)
FN:81,(anonymous_5)
FN:108,(anonymous_6)
FN:121,(anonymous_7)
FNF:8
FNH:0
FNDA:0,(anonymous_0)
FNDA:0,(anonymous_1)
FNDA:0,(anonymous_2)
FNDA:0,(anonymous_3)
FNDA:0,(anonymous_4)
FNDA:0,(anonymous_5)
FNDA:0,(anonymous_6)
FNDA:0,(anonymous_7)
DA:15,0
DA:19,0
DA:34,0
DA:35,0
DA:41,0
DA:44,0
DA:52,0
DA:64,0
DA:68,0
DA:78,0
DA:85,0
DA:87,0
DA:108,0
DA:122,0
DA:126,0
DA:149,0
DA:150,0
DA:152,0
DA:153,0
DA:154,0
DA:156,0
DA:157,0
DA:170,0
LF:23
LH:0
BRDA:44,0,0,0
BRDA:44,0,1,0
BRDA:153,1,0,0
BRDA:153,1,1,0
BRDA:154,2,0,0
BRF:5
BRH:0
end_of_record
TN:
SF:src/infrastructure/repositories/PrismaProblemRepository.ts
FN:17,(anonymous_0)
FN:31,(anonymous_1)
FN:33,(anonymous_2)
FN:38,(anonymous_3)
FN:43,(anonymous_4)
FN:50,(anonymous_5)
FN:63,(anonymous_6)
FN:83,(anonymous_7)
FNF:8
FNH:0
FNDA:0,(anonymous_0)
FNDA:0,(anonymous_1)
FNDA:0,(anonymous_2)
FNDA:0,(anonymous_3)
FNDA:0,(anonymous_4)
FNDA:0,(anonymous_5)
FNDA:0,(anonymous_6)
FNDA:0,(anonymous_7)
DA:17,0
DA:30,0
DA:31,0
DA:34,0
DA:35,0
DA:39,0
DA:40,0
DA:44,0
DA:47,0
DA:51,0
DA:60,0
DA:64,0
DA:80,0
DA:89,0
DA:103,0
LF:15
LH:0
BRDA:35,0,0,0
BRDA:35,0,1,0
BRDA:40,1,0,0
BRDA:40,1,1,0
BRDA:57,2,0,0
BRDA:57,2,1,0
BRDA:70,3,0,0
BRDA:70,3,1,0
BRDA:77,4,0,0
BRDA:77,4,1,0
BRDA:96,5,0,0
BRDA:96,5,1,0
BRDA:97,6,0,0
BRDA:97,6,1,0
BRF:14
BRH:0
end_of_record
TN:
SF:src/infrastructure/repositories/PrismaUserRepository.ts
FN:18,(anonymous_0)
FN:32,(anonymous_1)
FN:34,(anonymous_2)
FN:39,(anonymous_3)
FN:44,(anonymous_4)
FN:49,(anonymous_5)
FN:62,(anonymous_6)
FN:74,(anonymous_7)
FNF:8
FNH:0
FNDA:0,(anonymous_0)
FNDA:0,(anonymous_1)
FNDA:0,(anonymous_2)
FNDA:0,(anonymous_3)
FNDA:0,(anonymous_4)
FNDA:0,(anonymous_5)
FNDA:0,(anonymous_6)
FNDA:0,(anonymous_7)
DA:18,0
DA:31,0
DA:32,0
DA:35,0
DA:36,0
DA:40,0
DA:41,0
DA:45,0
DA:46,0
DA:50,0
DA:59,0
DA:63,0
DA:71,0
DA:75,0
LF:14
LH:0
BRDA:36,0,0,0
BRDA:36,0,1,0
BRDA:41,1,0,0
BRDA:41,1,1,0
BRDA:46,2,0,0
BRDA:46,2,1,0
BRDA:66,3,0,0
BRDA:66,3,1,0
BRDA:67,4,0,0
BRDA:67,4,1,0
BRDA:68,5,0,0
BRDA:68,5,1,0
BRF:12
BRH:0
end_of_record
TN:
SF:src/infrastructure/web/controllers/ReviewController.ts
FN:47,(anonymous_0)
FN:57,(anonymous_1)
FN:107,(anonymous_2)
FN:120,(anonymous_3)
FNF:4
FNH:0
FNDA:0,(anonymous_0)
FNDA:0,(anonymous_1)
FNDA:0,(anonymous_2)
FNDA:0,(anonymous_3)
DA:17,0
DA:18,0
DA:19,0
DA:20,0
DA:21,0
DA:22,0
DA:23,0
DA:28,0
DA:29,0
DA:30,0
DA:32,0
DA:40,0
DA:49,0
DA:50,0
DA:51,0
DA:55,0
DA:56,0
DA:57,0
DA:62,0
DA:67,0
DA:71,0
DA:72,0
DA:74,0
DA:80,0
DA:82,0
DA:83,0
DA:86,0
DA:87,0
DA:88,0
DA:92,0
DA:93,0
DA:94,0
DA:98,0
DA:108,0
DA:109,0
DA:110,0
DA:113,0
DA:114,0
DA:116,0
DA:120,0
DA:132,0
DA:133,0
DA:134,0
LF:43
LH:0
BRDA:49,0,0,0
BRDA:56,1,0,0
BRDA:82,2,0,0
BRDA:82,2,1,0
BRDA:86,3,0,0
BRDA:92,4,0,0
BRDA:108,5,0,0
BRDA:127,6,0,0
BRDA:127,6,1,0
BRDA:132,7,0,0
BRDA:132,7,1,0
BRF:11
BRH:0
end_of_record
TN:
SF:src/infrastructure/web/middleware/authValidation.ts
FN:37,(anonymous_0)
FNF:1
FNH:0
FNDA:0,(anonymous_0)
DA:13,0
DA:37,0
DA:42,0
DA:44,0
DA:45,0
DA:49,0
DA:52,0
DA:54,0
DA:58,0
DA:59,0
DA:63,0
DA:64,0
DA:65,0
DA:66,0
DA:67,0
DA:78,0
DA:79,0
DA:80,0
DA:83,0
DA:87,0
DA:88,0
DA:89,0
DA:92,0
DA:93,0
DA:94,0
DA:96,0
DA:97,0
DA:98,0
LF:28
LH:0
BRDA:44,0,0,0
BRDA:44,1,0,0
BRDA:44,1,1,0
BRDA:58,2,0,0
BRDA:58,3,0,0
BRDA:58,3,1,0
BRDA:79,4,0,0
BRDA:88,5,0,0
BRDA:88,6,0,0
BRDA:88,6,1,0
BRDA:96,7,0,0
BRDA:96,7,1,0
BRF:12
BRH:0
end_of_record
TN:
SF:src/infrastructure/web/routes/reviewRoutes.ts
FN:22,(anonymous_0)
FN:30,(anonymous_1)
FNF:2
FNH:0
FNDA:0,(anonymous_0)
FNDA:0,(anonymous_1)
DA:8,0
DA:9,0
DA:10,0
DA:12,0
DA:15,0
DA:22,0
DA:23,0
DA:30,0
DA:31,0
DA:34,0
LF:10
LH:0
BRF:0
BRH:0
end_of_record
TN:
SF:src/shared/utils/logger.ts
FN:18,(anonymous_1)
FNF:1
FNH:0
FNDA:0,(anonymous_1)
DA:8,0
DA:10,0
DA:14,0
DA:19,0
DA:27,0
DA:35,0
DA:37,0
LF:7
LH:0
BRDA:19,0,0,0
BRDA:19,0,1,0
BRDA:38,1,0,0
BRDA:38,1,1,0
BRDA:39,2,0,0
BRDA:39,2,1,0
BRF:6
BRH:0
end_of_record
